<?xml version="1.0" encoding="utf-8"?><testsuites name="pytest tests"><testsuite name="pytest" errors="0" failures="0" skipped="0" tests="32" time="5.911" timestamp="2026-08-17T23:46:56.111587+00:00" hostname="agent-env-05bbcf72-6d25-442a-8cb1-39705097a0ab"><testcase classname="tests.backend_test.TestAuth" name="test_root" time="0.165" /><testcase classname="tests.backend_test.TestAuth" name="test_admin_login" time="0.345" /><testcase classname="tests.backend_test.TestAuth" name="test_register_new_user" time="0.400" /><testcase classname="tests.backend_test.TestAuth" name="test_register_duplicate" time="0.154" /><testcase classname="tests.backend_test.TestAuth" name="test_login_wrong" time="0.337" /><testcase classname="tests.backend_test.TestAuth" name="test_me" time="0.123" /><testcase classname="tests.backend_test.TestAuth" name="test_me_no_token" time="0.115" /><testcase classname="tests.backend_test.TestCatalog" name="test_home" time="0.210" /><testcase classname="tests.backend_test.TestCatalog" name="test_games_list" time="0.251" /><testcase classname="tests.backend_test.TestCatalog" name="test_get_game_quiz" time="0.192" /><testcase classname="tests.backend_test.TestCatalog" name="test_categories" time="0.122" /><testcase classname="tests.backend_test.TestGamesContent" name="test_quiz_questions" time="0.162" /><testcase classname="tests.backend_test.TestGamesContent" name="test_words" time="0.134" /><testcase classname="tests.backend_test.TestResults" name="test_submit_result" time="0.154" /><testcase classname="tests.backend_test.TestResults" name="test_mine_persists" time="0.122" /><testcase classname="tests.backend_test.TestResults" name="test_achievements" time="0.117" /><testcase classname="tests.backend_test.TestResults" name="test_leaderboard" time="0.124" /><testcase classname="tests.backend_test.TestNotifications" name="test_admin_create_notification" time="0.143" /><testcase classname="tests.backend_test.TestNotifications" name="test_get_notifications" time="0.131" /><testcase classname="tests.backend_test.TestNotifications" name="test_mark_read" time="0.122" /><testcase classname="tests.backend_test.TestRooms" name="test_create_room" time="0.135" /><testcase classname="tests.backend_test.TestRooms" name="test_get_room" time="0.143" /><testcase classname="tests.backend_test.TestRooms" name="test_join_room" time="0.257" /><testcase classname="tests.backend_test.TestRooms" name="test_get_room_404" time="0.116" /><testcase classname="tests.backend_test.TestAdmin" name="test_forbidden_for_regular" time="0.114" /><testcase classname="tests.backend_test.TestAdmin" name="test_overview" time="0.148" /><testcase classname="tests.backend_test.TestAdmin" name="test_admin_users" time="0.141" /><testcase classname="tests.backend_test.TestAdmin" name="test_questions_list" time="0.130" /><testcase classname="tests.backend_test.TestAdmin" name="test_add_and_delete_question" time="0.553" /><testcase classname="tests.backend_test.TestAdmin" name="test_admin_results" time="0.131" /><testcase classname="tests.backend_test.TestAdmin" name="test_cannot_delete_admin" time="0.241" /><testcase classname="tests.backend_test.TestAdmin" name="test_delete_test_user" time="0.111" /></testsuite></testsuites>